<?xml version="1.0" encoding="UTF-8"?>
<!-- Generated by org.testng.reporters.JUnitReportReporter -->
<testsuite skipped="2" hostname="Jignesh" name="cljCheck.Sports" tests="3" failures="0" timestamp="16 Mar 2018 23:22:21 GMT" time="20.289" errors="0">
  <testcase name="a04_SportsNewsletter" time="20.289" classname="cljCheck.Sports"/>
  <testcase name="a05_BillBoard" classname="cljCheck.Sports">
    <skipped/>
  </testcase> <!-- a05_BillBoard -->
  <testcase name="a09_AllElemets" classname="cljCheck.Sports">
    <skipped/>
  </testcase> <!-- a09_AllElemets -->
</testsuite> <!-- cljCheck.Sports -->
