<?xml version="1.0" encoding="UTF-8"?>
<!-- Generated by org.testng.reporters.JUnitReportReporter -->
<testsuite skipped="0" hostname="Jignesh" name="cljCheck.RelatedArticle" tests="1" failures="0" timestamp="16 Mar 2018 23:42:51 GMT" time="39.244" errors="0">
  <testcase name="RelatedArticles" time="39.244" classname="cljCheck.RelatedArticle"/>
</testsuite> <!-- cljCheck.RelatedArticle -->
