<?xml version="1.0" encoding="UTF-8"?>
<!-- Generated by org.testng.reporters.JUnitReportReporter -->
<testsuite skipped="1" hostname="Jignesh" name="cljCheck.AllLoginsAndMyProfile" tests="3" failures="0" timestamp="16 Mar 2018 23:42:51 GMT" time="94.416" errors="0">
  <testcase name="b_FacebookLogin" time="38.181" classname="cljCheck.AllLoginsAndMyProfile"/>
  <testcase name="a_DirectLogin" time="56.235" classname="cljCheck.AllLoginsAndMyProfile"/>
  <testcase name="c_TwitterLogin" classname="cljCheck.AllLoginsAndMyProfile">
    <skipped/>
  </testcase> <!-- c_TwitterLogin -->
</testsuite> <!-- cljCheck.AllLoginsAndMyProfile -->
