<?xml version="1.0" encoding="UTF-8"?>
<!-- Generated by org.testng.reporters.JUnitReportReporter -->
<testsuite skipped="0" hostname="Jignesh" name="cljCheck.AllMenuSubMenuNav" tests="13" failures="0" timestamp="16 Mar 2018 23:17:49 GMT" time="941.934" errors="0">
  <testcase name="i_Science" time="41.635" classname="cljCheck.AllMenuSubMenuNav"/>
  <testcase name="k_Video" time="23.428" classname="cljCheck.AllMenuSubMenuNav"/>
  <testcase name="b_News" time="83.028" classname="cljCheck.AllMenuSubMenuNav"/>
  <testcase name="l_Travel" time="74.038" classname="cljCheck.AllMenuSubMenuNav"/>
  <testcase name="c_US" time="85.208" classname="cljCheck.AllMenuSubMenuNav"/>
  <testcase name="m_FashionFinder" time="14.076" classname="cljCheck.AllMenuSubMenuNav"/>
  <testcase name="h_Health" time="44.067" classname="cljCheck.AllMenuSubMenuNav"/>
  <testcase name="e_TVShowbiz" time="67.209" classname="cljCheck.AllMenuSubMenuNav"/>
  <testcase name="j_Money" time="122.388" classname="cljCheck.AllMenuSubMenuNav"/>
  <testcase name="a_Home" time="73.533" classname="cljCheck.AllMenuSubMenuNav"/>
  <testcase name="d_Sports" time="149.546" classname="cljCheck.AllMenuSubMenuNav"/>
  <testcase name="f_Australia" time="86.365" classname="cljCheck.AllMenuSubMenuNav"/>
  <testcase name="g_Femail" time="77.413" classname="cljCheck.AllMenuSubMenuNav"/>
</testsuite> <!-- cljCheck.AllMenuSubMenuNav -->
