<?xml version="1.0" encoding="UTF-8"?>
<!-- Generated by org.testng.reporters.JUnitReportReporter -->
<testsuite skipped="0" hostname="Jignesh" name="cljCheck.MostShared" tests="2" failures="0" timestamp="16 Mar 2018 23:42:51 GMT" time="80.939" errors="0">
  <testcase name="MostShared_US_HomePage" time="39.871" classname="cljCheck.MostShared"/>
  <testcase name="MostShared_UK_HomePage" time="41.068" classname="cljCheck.MostShared"/>
</testsuite> <!-- cljCheck.MostShared -->
