<?xml version="1.0" encoding="UTF-8"?>
<!-- Generated by org.testng.reporters.JUnitReportReporter -->
<testsuite skipped="0" hostname="Jignesh" name="cljCheck.SearchPage" tests="1" failures="0" timestamp="16 Mar 2018 23:42:51 GMT" time="31.284" errors="0">
  <testcase name="Search" time="31.284" classname="cljCheck.SearchPage"/>
</testsuite> <!-- cljCheck.SearchPage -->
