<?xml version="1.0" encoding="UTF-8"?>
<!-- Generated by org.testng.reporters.JUnitReportReporter -->
<testsuite skipped="0" hostname="Jignesh" name="cljCheck.TopicPage" tests="8" failures="0" timestamp="16 Mar 2018 23:42:51 GMT" time="174.737" errors="0">
  <testcase name="d_Test5" time="21.423" classname="cljCheck.TopicPage"/>
  <testcase name="g_DontMiss" time="43.586" classname="cljCheck.TopicPage"/>
  <testcase name="b_TopicModules" time="7.856" classname="cljCheck.TopicPage"/>
  <testcase name="e_Test6" time="21.817" classname="cljCheck.TopicPage"/>
  <testcase name="c_TopicIndex" time="12.649" classname="cljCheck.TopicPage"/>
  <testcase name="a_TopicPageHeading" time="11.494" classname="cljCheck.TopicPage"/>
  <testcase name="h_WeathreTest" time="8.680" classname="cljCheck.TopicPage"/>
  <testcase name="f_topic_names" time="47.232" classname="cljCheck.TopicPage"/>
</testsuite> <!-- cljCheck.TopicPage -->
