<?xml version="1.0" encoding="UTF-8"?>
<!-- Generated by org.testng.reporters.JUnitReportReporter -->
<testsuite skipped="1" hostname="Jignesh" name="cljCheck.SocialShare" tests="9" failures="0" timestamp="16 Mar 2018 23:42:51 GMT" time="341.991" errors="0">
  <testcase name="h_FB_Icon_on_RelatedAtrticle" time="16.420" classname="cljCheck.SocialShare"/>
  <testcase name="e_SocialShare_Top_Article" time="50.367" classname="cljCheck.SocialShare"/>
  <testcase name="c_SocialShare_UnderSearch_HomePage" time="65.406" classname="cljCheck.SocialShare"/>
  <testcase name="i_SocialShareOn_Comments" time="49.749" classname="cljCheck.SocialShare"/>
  <testcase name="f_SocialShare_Bottom_Article" time="50.997" classname="cljCheck.SocialShare"/>
  <testcase name="d_SocialShare_underSearch_Article" time="73.172" classname="cljCheck.SocialShare"/>
  <testcase name="a_FacebookLike_TopLeft_HomePage" time="15.605" classname="cljCheck.SocialShare"/>
  <testcase name="g_FB_Icon_FlyOut_onArticle" time="20.275" classname="cljCheck.SocialShare"/>
  <testcase name="b_SocialShareArticlePreview" classname="cljCheck.SocialShare">
    <skipped/>
  </testcase> <!-- b_SocialShareArticlePreview -->
</testsuite> <!-- cljCheck.SocialShare -->
